<?xml version="1.0" encoding="UTF-8"?>
<testsuites name="Mocha Tests" time="0.014" tests="6" failures="1">
  <testsuite name="Root Suite" timestamp="2024-10-22T09:21:18" tests="0" time="0.000" failures="0">
  </testsuite>
  <testsuite name="Password Generator Tests" timestamp="2024-10-22T09:21:18" tests="6" file="C:\Pre Test\Pre test\web-technology-mid-test-mufdhr\test\test.js" time="0.012" failures="1">
    <testcase name="Password Generator Tests should generate a password of the specified length" time="0.002" classname="should generate a password of the specified length">
    </testcase>
    <testcase name="Password Generator Tests should contain uppercase letters if selected" time="0.000" classname="should contain uppercase letters if selected">
    </testcase>
    <testcase name="Password Generator Tests should contain lowercase letters if selected" time="0.000" classname="should contain lowercase letters if selected">
    </testcase>
    <testcase name="Password Generator Tests should contain numbers if selected" time="0.000" classname="should contain numbers if selected">
    </testcase>
    <testcase name="Password Generator Tests should contain special characters if selected" time="0.000" classname="should contain special characters if selected">
    </testcase>
    <testcase name="Password Generator Tests should throw an error if no character type is selected" time="0.002" classname="should throw an error if no character type is selected">
      <failure message="expected [Function] to throw error including &apos;At least one character type must be s…&apos; but got &apos;At least one characters set based be …&apos;" type="AssertionError"><![CDATA[AssertionError: expected [Function] to throw error including 'At least one character type must be s…' but got 'At least one characters set based be …'
    at Context.<anonymous> (file:///C:/Pre%20Test/Pre%20test/web-technology-mid-test-mufdhr/test/test.js:76:21)
    at process.processImmediate (node:internal/timers:483:21)

      + expected - actual

      -At least one characters set based be selected.
      +At least one character type must be selected.
      ]]></failure>
    </testcase>
  </testsuite>
</testsuites>